[debug] ----------------------------------------------------------------------
[debug] Command:      /usr/local/Cellar/node/7.5.0/bin/node /usr/local/bin/firebase deploy --project one-time-password-c725a
[debug] CLI Version:  3.5.0
[debug] Platform:     darwin
[debug] Node Version: v7.5.0
[debug] Time:         Fri Mar 24 2017 11:45:04 GMT-0700 (PDT)
[debug] ----------------------------------------------------------------------
[debug] 
[debug] > command requires scopes: ["email","openid","https://www.googleapis.com/auth/cloudplatformprojects.readonly","https://www.googleapis.com/auth/firebase","https://www.googleapis.com/auth/cloud-platform"]
[debug] >>> HTTP REQUEST GET https://admin.firebase.com/v1/projects/one-time-password-c725a  
 Fri Mar 24 2017 11:45:04 GMT-0700 (PDT)
[debug] <<< HTTP RESPONSE 200
[debug] >>> HTTP REQUEST GET https://admin.firebase.com/v1/database/one-time-password-c725a/tokens  
 Fri Mar 24 2017 11:45:06 GMT-0700 (PDT)
[debug] <<< HTTP RESPONSE 200
[info] 
[info] === Deploying to 'one-time-password-c725a'...
[info] 
[info] i  deploying database, functions, hosting
[info] ✔  database: rules ready to deploy.
[debug] > [functions] package.json contents: {
  "name": "functions",
  "description": "Cloud Functions for Firebase",
  "dependencies": {
    "firebase-admin": "^4.1.2",
    "firebase-functions": "^0.5"
  },
  "private": true
}
[info] i  functions: ensuring necessary APIs are enabled...
[info] i  runtimeconfig: ensuring necessary APIs are enabled...
[debug] >>> HTTP REQUEST GET https://servicemanagement.googleapis.com/v1/services/cloudfunctions.googleapis.com/projectSettings/one-time-password-c725a?view=CONSUMER_VIEW  
 Fri Mar 24 2017 11:45:08 GMT-0700 (PDT)
[debug] >>> HTTP REQUEST GET https://servicemanagement.googleapis.com/v1/services/runtimeconfig.googleapis.com/projectSettings/one-time-password-c725a?view=CONSUMER_VIEW  
 Fri Mar 24 2017 11:45:08 GMT-0700 (PDT)
[debug] <<< HTTP RESPONSE 200
[info] ✔  runtimeconfig: all necessary APIs are enabled
[debug] <<< HTTP RESPONSE 200
[info] ✔  functions: all necessary APIs are enabled
[debug] >>> HTTP REQUEST GET https://appengine.googleapis.com/v1/apps/one-time-password-c725a  
 Fri Mar 24 2017 11:45:10 GMT-0700 (PDT)
[debug] >>> HTTP REQUEST GET https://apikeys.googleapis.com/v1/projects/one-time-password-c725a/apiKeys  
 Fri Mar 24 2017 11:45:10 GMT-0700 (PDT)
[debug] <<< HTTP RESPONSE 200
[debug] <<< HTTP RESPONSE 200
[info] i  functions: preparing functions directory for uploading...
[debug] >>> HTTP REQUEST GET https://runtimeconfig.googleapis.com/v1beta1/projects/one-time-password-c725a/configs  
 Fri Mar 24 2017 11:45:13 GMT-0700 (PDT)
[debug] <<< HTTP RESPONSE 200
[debug] > [functions] runtime config materialized as: {
  "firebase": {
    "databaseURL": "https://one-time-password-c725a.firebaseio.com",
    "storageBucket": "one-time-password-c725a.appspot.com",
    "apiKey": "AIzaSyC-uEMuqBqVM9OlzLlvdLXTdK2GUN8ofAI",
    "authDomain": "one-time-password-c725a.firebaseapp.com"
  }
}
[debug] > [functions] parsed triggers: [
  {
    "httpsTrigger": {},
    "name": "createUser",
    "entryPoint": "createUser"
  }
]
[info] i  functions: packaged functions (3.07 KB) for uploading
[debug] >>> HTTP REQUEST GET https://www.googleapis.com/storage/v1/b/staging.one-time-password-c725a.appspot.com  
 Fri Mar 24 2017 11:45:14 GMT-0700 (PDT)
[debug] <<< HTTP RESPONSE 200
[debug] >>> HTTP REQUEST POST https://www.googleapis.com/upload/storage/v1/b/staging.one-time-password-c725a.appspot.com/o?uploadType=media&name=firebase-functions-source ReadStream {
  _readableState: 
   ReadableState {
     objectMode: false,
     highWaterMark: 65536,
     buffer: BufferList { head: [Object], tail: [Object], length: 1 },
     length: 3140,
     pipes: null,
     pipesCount: 0,
     flowing: null,
     ended: true,
     endEmitted: false,
     reading: false,
     sync: false,
     needReadable: false,
     emittedReadable: true,
     readableListening: false,
     resumeScheduled: false,
     defaultEncoding: 'utf8',
     ranOut: false,
     awaitDrain: 0,
     readingMore: false,
     decoder: null,
     encoding: null },
  readable: true,
  domain: null,
  _events: { end: [Function] },
  _eventsCount: 1,
  _maxListeners: undefined,
  path: '/var/folders/z9/0qxhpm9x2n9b05hc33k0sh6h0000gn/T/firebase-functions-56562vuSu0JCMOTBX.zip',
  fd: 18,
  flags: 'r',
  mode: 438,
  start: undefined,
  end: undefined,
  autoClose: true,
  pos: undefined,
  bytesRead: 3140 } 
 Fri Mar 24 2017 11:45:14 GMT-0700 (PDT)
[debug] <<< HTTP RESPONSE 200
[info] ✔  functions: functions folder uploaded successfully
[info] i  hosting: preparing public directory for upload...
[debug] >>> HTTP REQUEST PUT https://deploy.firebase.com/v1/hosting/one-time-password-c725a/uploads/-Kg0d4Ix1agKV8KWBo2h?fileCount=2&message=  
 Fri Mar 24 2017 11:45:15 GMT-0700 (PDT)
[debug] <<< HTTP RESPONSE 200
[info] ✔  hosting: public folder uploaded successfully
[info] ✔  hosting: 2 files uploaded successfully
[info] i  starting release process (may take several minutes)...
[debug] >>> HTTP REQUEST GET https://cloudfunctions.googleapis.com/v1beta2/projects/one-time-password-c725a/locations/us-central1/functions  
 Fri Mar 24 2017 11:45:16 GMT-0700 (PDT)
[debug] <<< HTTP RESPONSE 200
[info] i  functions: deleting function goodbye...
[info] i  functions: deleting function helloWorld...
[info] i  functions: updating function createUser...
[debug] Trigger is: 
[debug] >>> HTTP REQUEST DELETE https://cloudfunctions.googleapis.com/v1beta2/projects/one-time-password-c725a/locations/us-central1/functions/goodbye  
 Fri Mar 24 2017 11:45:17 GMT-0700 (PDT)
[debug] >>> HTTP REQUEST DELETE https://cloudfunctions.googleapis.com/v1beta2/projects/one-time-password-c725a/locations/us-central1/functions/helloWorld  
 Fri Mar 24 2017 11:45:17 GMT-0700 (PDT)
[debug] >>> HTTP REQUEST PUT https://cloudfunctions.googleapis.com/v1beta2/projects/one-time-password-c725a/locations/us-central1/functions/createUser { sourceArchiveUrl: 'gs://staging.one-time-password-c725a.appspot.com/firebase-functions-source',
  name: 'projects/one-time-password-c725a/locations/us-central1/functions/createUser',
  entryPoint: 'createUser',
  httpsTrigger: {} } 
 Fri Mar 24 2017 11:45:17 GMT-0700 (PDT)
[debug] <<< HTTP RESPONSE 200
[debug] <<< HTTP RESPONSE 200
[debug] <<< HTTP RESPONSE 200
[debug] >>> HTTP REQUEST GET https://cloudfunctions.googleapis.com/v1beta2/projects/one-time-password-c725a/locations/us-central1/functions  
 Fri Mar 24 2017 11:45:17 GMT-0700 (PDT)
[debug] >>> HTTP REQUEST GET https://cloudfunctions.googleapis.com/v1beta2/operations/b25lLXRpbWUtcGFzc3dvcmQtYzcyNWEvdXMtY2VudHJhbDEvY3JlYXRlVXNlci9PT2hIQjV2WEN0RQ  
 Fri Mar 24 2017 11:45:17 GMT-0700 (PDT)
[debug] >>> HTTP REQUEST GET https://cloudfunctions.googleapis.com/v1beta2/operations/b25lLXRpbWUtcGFzc3dvcmQtYzcyNWEvdXMtY2VudHJhbDEvZ29vZGJ5ZS9DVjRsSU5CR3JOSQ  
 Fri Mar 24 2017 11:45:17 GMT-0700 (PDT)
[debug] >>> HTTP REQUEST GET https://cloudfunctions.googleapis.com/v1beta2/operations/b25lLXRpbWUtcGFzc3dvcmQtYzcyNWEvdXMtY2VudHJhbDEvaGVsbG9Xb3JsZC9pN19vZDhfdk9Naw  
 Fri Mar 24 2017 11:45:17 GMT-0700 (PDT)
[debug] <<< HTTP RESPONSE 200
[debug] <<< HTTP RESPONSE 200
[debug] <<< HTTP RESPONSE 200
[debug] [functions] operation poll: createUser: update operations/b25lLXRpbWUtcGFzc3dvcmQtYzcyNWEvdXMtY2VudHJhbDEvY3JlYXRlVXNlci9PT2hIQjV2WEN0RQ is not done.
[debug] [functions] operation poll: goodbye: delete operations/b25lLXRpbWUtcGFzc3dvcmQtYzcyNWEvdXMtY2VudHJhbDEvZ29vZGJ5ZS9DVjRsSU5CR3JOSQ is not done.
[debug] [functions] operation poll: helloWorld: delete operations/b25lLXRpbWUtcGFzc3dvcmQtYzcyNWEvdXMtY2VudHJhbDEvaGVsbG9Xb3JsZC9pN19vZDhfdk9Naw is not done.
[debug] <<< HTTP RESPONSE 200
[debug] >>> HTTP REQUEST GET https://cloudfunctions.googleapis.com/v1beta2/operations/b25lLXRpbWUtcGFzc3dvcmQtYzcyNWEvdXMtY2VudHJhbDEvY3JlYXRlVXNlci9PT2hIQjV2WEN0RQ  
 Fri Mar 24 2017 11:45:23 GMT-0700 (PDT)
[debug] >>> HTTP REQUEST GET https://cloudfunctions.googleapis.com/v1beta2/operations/b25lLXRpbWUtcGFzc3dvcmQtYzcyNWEvdXMtY2VudHJhbDEvZ29vZGJ5ZS9DVjRsSU5CR3JOSQ  
 Fri Mar 24 2017 11:45:23 GMT-0700 (PDT)
[debug] >>> HTTP REQUEST GET https://cloudfunctions.googleapis.com/v1beta2/operations/b25lLXRpbWUtcGFzc3dvcmQtYzcyNWEvdXMtY2VudHJhbDEvaGVsbG9Xb3JsZC9pN19vZDhfdk9Naw  
 Fri Mar 24 2017 11:45:23 GMT-0700 (PDT)
[debug] <<< HTTP RESPONSE 200
[debug] <<< HTTP RESPONSE 200
[debug] <<< HTTP RESPONSE 200
[debug] [functions] operation poll: createUser: update operations/b25lLXRpbWUtcGFzc3dvcmQtYzcyNWEvdXMtY2VudHJhbDEvY3JlYXRlVXNlci9PT2hIQjV2WEN0RQ is not done.
[debug] [functions] operation poll: goodbye: delete operations/b25lLXRpbWUtcGFzc3dvcmQtYzcyNWEvdXMtY2VudHJhbDEvZ29vZGJ5ZS9DVjRsSU5CR3JOSQ is not done.
[debug] [functions] operation poll: helloWorld: delete operations/b25lLXRpbWUtcGFzc3dvcmQtYzcyNWEvdXMtY2VudHJhbDEvaGVsbG9Xb3JsZC9pN19vZDhfdk9Naw is not done.
[debug] >>> HTTP REQUEST GET https://cloudfunctions.googleapis.com/v1beta2/operations/b25lLXRpbWUtcGFzc3dvcmQtYzcyNWEvdXMtY2VudHJhbDEvY3JlYXRlVXNlci9PT2hIQjV2WEN0RQ  
 Fri Mar 24 2017 11:45:28 GMT-0700 (PDT)
[debug] >>> HTTP REQUEST GET https://cloudfunctions.googleapis.com/v1beta2/operations/b25lLXRpbWUtcGFzc3dvcmQtYzcyNWEvdXMtY2VudHJhbDEvZ29vZGJ5ZS9DVjRsSU5CR3JOSQ  
 Fri Mar 24 2017 11:45:28 GMT-0700 (PDT)
[debug] >>> HTTP REQUEST GET https://cloudfunctions.googleapis.com/v1beta2/operations/b25lLXRpbWUtcGFzc3dvcmQtYzcyNWEvdXMtY2VudHJhbDEvaGVsbG9Xb3JsZC9pN19vZDhfdk9Naw  
 Fri Mar 24 2017 11:45:28 GMT-0700 (PDT)
